{"failedCount":1,"prefixedPath":"classpath:acceptance\/test\/resources\/utils\/utils.feature","packageQualifiedName":"acceptance.test.resources.utils.utils","loopIndex":-1,"relativePath":"acceptance\/test\/resources\/utils\/utils.feature","scenarioResults":[{"sectionIndex":0,"stepResults":[{"result":{"nanos":0,"errorMessage":">> classpath:acceptance\/test\/resources\/utils\/utils.feature:8\n>> karate-config.js failed\n>> js failed:\n>>>>\n01: (\/\/function fn() {\n02: \/\/  karate.log(\"Cargando configuraciones\");\n03: \/\/  return config;\n04: \/\/})\n<<<<\norg.graalvm.polyglot.PolyglotException: SyntaxError: Unnamed:4:4 Expected an operand but found eof\r\n\/\/})\r\n    ^\n\n- org.graalvm.polyglot.Context.eval(Context.java:425)\n- com.intuit.karate.graal.JsEngine.evalForValue(JsEngine.java:139)\n- com.intuit.karate.graal.JsEngine.eval(JsEngine.java:135)\n- com.intuit.karate.core.ScenarioEngine.evalJs(ScenarioEngine.java:1190)\n- com.intuit.karate.core.ScenarioRuntime.evalConfigJs(ScenarioRuntime.java:296)\n- com.intuit.karate.core.ScenarioRuntime.beforeRun(ScenarioRuntime.java:372)\n- com.intuit.karate.core.ScenarioRuntime.run(ScenarioRuntime.java:391)\n\njs failed:\n>>>>\n01: \/\/function fn() {\n02: \/\/  karate.log(\"Cargando configuraciones\");\n03: \/\/  return config;\n04: \/\/}\n<<<<\ncom.intuit.karate.KarateException: js failed:\n>>>>\n01: (\/\/function fn() {\n02: \/\/  karate.log(\"Cargando configuraciones\");\n03: \/\/  return config;\n04: \/\/})\n<<<<\norg.graalvm.polyglot.PolyglotException: SyntaxError: Unnamed:4:4 Expected an operand but found eof\r\n\/\/})\r\n    ^\n\n- org.graalvm.polyglot.Context.eval(Context.java:425)\n- com.intuit.karate.graal.JsEngine.evalForValue(JsEngine.java:139)\n- com.intuit.karate.graal.JsEngine.eval(JsEngine.java:135)\n- com.intuit.karate.core.ScenarioEngine.evalJs(ScenarioEngine.java:1190)\n- com.intuit.karate.core.ScenarioRuntime.evalConfigJs(ScenarioRuntime.java:296)\n- com.intuit.karate.core.ScenarioRuntime.beforeRun(ScenarioRuntime.java:372)\n- com.intuit.karate.core.ScenarioRuntime.run(ScenarioRuntime.java:391)\n\n- com.intuit.karate.graal.JsEngine.fromJsEvalException(JsEngine.java:224)\n- com.intuit.karate.core.ScenarioEngine.evalJs(ScenarioEngine.java:1192)\n- com.intuit.karate.core.ScenarioRuntime.evalConfigJs(ScenarioRuntime.java:296)\n- com.intuit.karate.core.ScenarioRuntime.beforeRun(ScenarioRuntime.java:372)\n- com.intuit.karate.core.ScenarioRuntime.run(ScenarioRuntime.java:391)\n- com.intuit.karate.core.FeatureRuntime.processScenario(FeatureRuntime.java:199)\n- java.base\/java.util.stream.ReferencePipeline$2$1.accept(ReferencePipeline.java:179)\n\nclasspath:acceptance\/test\/resources\/utils\/utils.feature:3","millis":0.0,"status":"failed"},"step":{"background":true,"line":3,"prefix":"*","index":0,"text":"def S3Manager = Java.type('co.cobre.lib.qa.aws.S3Util')"},"stepLog":"16:39:52.250 classpath:acceptance\/test\/resources\/utils\/utils.feature:3\n* def S3Manager = Java.type('co.cobre.lib.qa.aws.S3Util')\n>> classpath:acceptance\/test\/resources\/utils\/utils.feature:8\n>> karate-config.js failed\n>> js failed:\n>>>>\n01: (\/\/function fn() {\n02: \/\/  karate.log(\"Cargando configuraciones\");\n03: \/\/  return config;\n04: \/\/})\n<<<<\norg.graalvm.polyglot.PolyglotException: SyntaxError: Unnamed:4:4 Expected an operand but found eof\r\n\/\/})\r\n    ^\n\n- org.graalvm.polyglot.Context.eval(Context.java:425)\n- com.intuit.karate.graal.JsEngine.evalForValue(JsEngine.java:139)\n- com.intuit.karate.graal.JsEngine.eval(JsEngine.java:135)\n- com.intuit.karate.core.ScenarioEngine.evalJs(ScenarioEngine.java:1190)\n- com.intuit.karate.core.ScenarioRuntime.evalConfigJs(ScenarioRuntime.java:296)\n- com.intuit.karate.core.ScenarioRuntime.beforeRun(ScenarioRuntime.java:372)\n- com.intuit.karate.core.ScenarioRuntime.run(ScenarioRuntime.java:391)\n\njs failed:\n>>>>\n01: \/\/function fn() {\n02: \/\/  karate.log(\"Cargando configuraciones\");\n03: \/\/  return config;\n04: \/\/}\n<<<<\ncom.intuit.karate.KarateException: js failed:\n>>>>\n01: (\/\/function fn() {\n02: \/\/  karate.log(\"Cargando configuraciones\");\n03: \/\/  return config;\n04: \/\/})\n<<<<\norg.graalvm.polyglot.PolyglotException: SyntaxError: Unnamed:4:4 Expected an operand but found eof\r\n\/\/})\r\n    ^\n\n- org.graalvm.polyglot.Context.eval(Context.java:425)\n- com.intuit.karate.graal.JsEngine.evalForValue(JsEngine.java:139)\n- com.intuit.karate.graal.JsEngine.eval(JsEngine.java:135)\n- com.intuit.karate.core.ScenarioEngine.evalJs(ScenarioEngine.java:1190)\n- com.intuit.karate.core.ScenarioRuntime.evalConfigJs(ScenarioRuntime.java:296)\n- com.intuit.karate.core.ScenarioRuntime.beforeRun(ScenarioRuntime.java:372)\n- com.intuit.karate.core.ScenarioRuntime.run(ScenarioRuntime.java:391)\n\n- com.intuit.karate.graal.JsEngine.fromJsEvalException(JsEngine.java:224)\n- com.intuit.karate.core.ScenarioEngine.evalJs(ScenarioEngine.java:1192)\n- com.intuit.karate.core.ScenarioRuntime.evalConfigJs(ScenarioRuntime.java:296)\n- com.intuit.karate.core.ScenarioRuntime.beforeRun(ScenarioRuntime.java:372)\n- com.intuit.karate.core.ScenarioRuntime.run(ScenarioRuntime.java:391)\n- com.intuit.karate.core.FeatureRuntime.processScenario(FeatureRuntime.java:199)\n- java.base\/java.util.stream.ReferencePipeline$2$1.accept(ReferencePipeline.java:179)\n\nclasspath:acceptance\/test\/resources\/utils\/utils.feature:3\n"},{"result":{"nanos":0,"errorMessage":">> classpath:acceptance\/test\/resources\/utils\/utils.feature:8\n>> karate-config.js failed\n>> js failed:\n>>>>\n01: (\/\/function fn() {\n02: \/\/  karate.log(\"Cargando configuraciones\");\n03: \/\/  return config;\n04: \/\/})\n<<<<\norg.graalvm.polyglot.PolyglotException: SyntaxError: Unnamed:4:4 Expected an operand but found eof\r\n\/\/})\r\n    ^\n\n- org.graalvm.polyglot.Context.eval(Context.java:425)\n- com.intuit.karate.graal.JsEngine.evalForValue(JsEngine.java:139)\n- com.intuit.karate.graal.JsEngine.eval(JsEngine.java:135)\n- com.intuit.karate.core.ScenarioEngine.evalJs(ScenarioEngine.java:1190)\n- com.intuit.karate.core.ScenarioRuntime.evalConfigJs(ScenarioRuntime.java:296)\n- com.intuit.karate.core.ScenarioRuntime.beforeRun(ScenarioRuntime.java:372)\n- com.intuit.karate.core.ScenarioRuntime.run(ScenarioRuntime.java:391)\n\njs failed:\n>>>>\n01: \/\/function fn() {\n02: \/\/  karate.log(\"Cargando configuraciones\");\n03: \/\/  return config;\n04: \/\/}\n<<<<\ncom.intuit.karate.KarateException: js failed:\n>>>>\n01: (\/\/function fn() {\n02: \/\/  karate.log(\"Cargando configuraciones\");\n03: \/\/  return config;\n04: \/\/})\n<<<<\norg.graalvm.polyglot.PolyglotException: SyntaxError: Unnamed:4:4 Expected an operand but found eof\r\n\/\/})\r\n    ^\n\n- org.graalvm.polyglot.Context.eval(Context.java:425)\n- com.intuit.karate.graal.JsEngine.evalForValue(JsEngine.java:139)\n- com.intuit.karate.graal.JsEngine.eval(JsEngine.java:135)\n- com.intuit.karate.core.ScenarioEngine.evalJs(ScenarioEngine.java:1190)\n- com.intuit.karate.core.ScenarioRuntime.evalConfigJs(ScenarioRuntime.java:296)\n- com.intuit.karate.core.ScenarioRuntime.beforeRun(ScenarioRuntime.java:372)\n- com.intuit.karate.core.ScenarioRuntime.run(ScenarioRuntime.java:391)\n\n- com.intuit.karate.graal.JsEngine.fromJsEvalException(JsEngine.java:224)\n- com.intuit.karate.core.ScenarioEngine.evalJs(ScenarioEngine.java:1192)\n- com.intuit.karate.core.ScenarioRuntime.evalConfigJs(ScenarioRuntime.java:296)\n- com.intuit.karate.core.ScenarioRuntime.beforeRun(ScenarioRuntime.java:372)\n- com.intuit.karate.core.ScenarioRuntime.run(ScenarioRuntime.java:391)\n- com.intuit.karate.core.FeatureRuntime.processScenario(FeatureRuntime.java:199)\n- java.base\/java.util.stream.ReferencePipeline$2$1.accept(ReferencePipeline.java:179)\n\nclasspath:acceptance\/test\/resources\/utils\/utils.feature:3\nclasspath:acceptance\/test\/resources\/utils\/utils.feature:4","millis":0.0,"status":"failed"},"step":{"background":true,"line":4,"prefix":"*","index":1,"text":"def S3ManagerInstance = new S3Manager()"},"stepLog":"16:39:52.250 classpath:acceptance\/test\/resources\/utils\/utils.feature:4\n* def S3ManagerInstance = new S3Manager()\n>> classpath:acceptance\/test\/resources\/utils\/utils.feature:8\n>> karate-config.js failed\n>> js failed:\n>>>>\n01: (\/\/function fn() {\n02: \/\/  karate.log(\"Cargando configuraciones\");\n03: \/\/  return config;\n04: \/\/})\n<<<<\norg.graalvm.polyglot.PolyglotException: SyntaxError: Unnamed:4:4 Expected an operand but found eof\r\n\/\/})\r\n    ^\n\n- org.graalvm.polyglot.Context.eval(Context.java:425)\n- com.intuit.karate.graal.JsEngine.evalForValue(JsEngine.java:139)\n- com.intuit.karate.graal.JsEngine.eval(JsEngine.java:135)\n- com.intuit.karate.core.ScenarioEngine.evalJs(ScenarioEngine.java:1190)\n- com.intuit.karate.core.ScenarioRuntime.evalConfigJs(ScenarioRuntime.java:296)\n- com.intuit.karate.core.ScenarioRuntime.beforeRun(ScenarioRuntime.java:372)\n- com.intuit.karate.core.ScenarioRuntime.run(ScenarioRuntime.java:391)\n\njs failed:\n>>>>\n01: \/\/function fn() {\n02: \/\/  karate.log(\"Cargando configuraciones\");\n03: \/\/  return config;\n04: \/\/}\n<<<<\ncom.intuit.karate.KarateException: js failed:\n>>>>\n01: (\/\/function fn() {\n02: \/\/  karate.log(\"Cargando configuraciones\");\n03: \/\/  return config;\n04: \/\/})\n<<<<\norg.graalvm.polyglot.PolyglotException: SyntaxError: Unnamed:4:4 Expected an operand but found eof\r\n\/\/})\r\n    ^\n\n- org.graalvm.polyglot.Context.eval(Context.java:425)\n- com.intuit.karate.graal.JsEngine.evalForValue(JsEngine.java:139)\n- com.intuit.karate.graal.JsEngine.eval(JsEngine.java:135)\n- com.intuit.karate.core.ScenarioEngine.evalJs(ScenarioEngine.java:1190)\n- com.intuit.karate.core.ScenarioRuntime.evalConfigJs(ScenarioRuntime.java:296)\n- com.intuit.karate.core.ScenarioRuntime.beforeRun(ScenarioRuntime.java:372)\n- com.intuit.karate.core.ScenarioRuntime.run(ScenarioRuntime.java:391)\n\n- com.intuit.karate.graal.JsEngine.fromJsEvalException(JsEngine.java:224)\n- com.intuit.karate.core.ScenarioEngine.evalJs(ScenarioEngine.java:1192)\n- com.intuit.karate.core.ScenarioRuntime.evalConfigJs(ScenarioRuntime.java:296)\n- com.intuit.karate.core.ScenarioRuntime.beforeRun(ScenarioRuntime.java:372)\n- com.intuit.karate.core.ScenarioRuntime.run(ScenarioRuntime.java:391)\n- com.intuit.karate.core.FeatureRuntime.processScenario(FeatureRuntime.java:199)\n- java.base\/java.util.stream.ReferencePipeline$2$1.accept(ReferencePipeline.java:179)\n\nclasspath:acceptance\/test\/resources\/utils\/utils.feature:3\nclasspath:acceptance\/test\/resources\/utils\/utils.feature:4\n"},{"result":{"nanos":0,"errorMessage":">> classpath:acceptance\/test\/resources\/utils\/utils.feature:8\n>> karate-config.js failed\n>> js failed:\n>>>>\n01: (\/\/function fn() {\n02: \/\/  karate.log(\"Cargando configuraciones\");\n03: \/\/  return config;\n04: \/\/})\n<<<<\norg.graalvm.polyglot.PolyglotException: SyntaxError: Unnamed:4:4 Expected an operand but found eof\r\n\/\/})\r\n    ^\n\n- org.graalvm.polyglot.Context.eval(Context.java:425)\n- com.intuit.karate.graal.JsEngine.evalForValue(JsEngine.java:139)\n- com.intuit.karate.graal.JsEngine.eval(JsEngine.java:135)\n- com.intuit.karate.core.ScenarioEngine.evalJs(ScenarioEngine.java:1190)\n- com.intuit.karate.core.ScenarioRuntime.evalConfigJs(ScenarioRuntime.java:296)\n- com.intuit.karate.core.ScenarioRuntime.beforeRun(ScenarioRuntime.java:372)\n- com.intuit.karate.core.ScenarioRuntime.run(ScenarioRuntime.java:391)\n\njs failed:\n>>>>\n01: \/\/function fn() {\n02: \/\/  karate.log(\"Cargando configuraciones\");\n03: \/\/  return config;\n04: \/\/}\n<<<<\ncom.intuit.karate.KarateException: js failed:\n>>>>\n01: (\/\/function fn() {\n02: \/\/  karate.log(\"Cargando configuraciones\");\n03: \/\/  return config;\n04: \/\/})\n<<<<\norg.graalvm.polyglot.PolyglotException: SyntaxError: Unnamed:4:4 Expected an operand but found eof\r\n\/\/})\r\n    ^\n\n- org.graalvm.polyglot.Context.eval(Context.java:425)\n- com.intuit.karate.graal.JsEngine.evalForValue(JsEngine.java:139)\n- com.intuit.karate.graal.JsEngine.eval(JsEngine.java:135)\n- com.intuit.karate.core.ScenarioEngine.evalJs(ScenarioEngine.java:1190)\n- com.intuit.karate.core.ScenarioRuntime.evalConfigJs(ScenarioRuntime.java:296)\n- com.intuit.karate.core.ScenarioRuntime.beforeRun(ScenarioRuntime.java:372)\n- com.intuit.karate.core.ScenarioRuntime.run(ScenarioRuntime.java:391)\n\n- com.intuit.karate.graal.JsEngine.fromJsEvalException(JsEngine.java:224)\n- com.intuit.karate.core.ScenarioEngine.evalJs(ScenarioEngine.java:1192)\n- com.intuit.karate.core.ScenarioRuntime.evalConfigJs(ScenarioRuntime.java:296)\n- com.intuit.karate.core.ScenarioRuntime.beforeRun(ScenarioRuntime.java:372)\n- com.intuit.karate.core.ScenarioRuntime.run(ScenarioRuntime.java:391)\n- com.intuit.karate.core.FeatureRuntime.processScenario(FeatureRuntime.java:199)\n- java.base\/java.util.stream.ReferencePipeline$2$1.accept(ReferencePipeline.java:179)\n\nclasspath:acceptance\/test\/resources\/utils\/utils.feature:3\nclasspath:acceptance\/test\/resources\/utils\/utils.feature:4\nclasspath:acceptance\/test\/resources\/utils\/utils.feature:5","millis":0.0,"status":"failed"},"step":{"background":true,"line":5,"prefix":"*","index":2,"text":"def FileUtils = Java.type('co.cobre.lib.qa.util.FileUtils')"},"stepLog":"16:39:52.250 classpath:acceptance\/test\/resources\/utils\/utils.feature:5\n* def FileUtils = Java.type('co.cobre.lib.qa.util.FileUtils')\n>> classpath:acceptance\/test\/resources\/utils\/utils.feature:8\n>> karate-config.js failed\n>> js failed:\n>>>>\n01: (\/\/function fn() {\n02: \/\/  karate.log(\"Cargando configuraciones\");\n03: \/\/  return config;\n04: \/\/})\n<<<<\norg.graalvm.polyglot.PolyglotException: SyntaxError: Unnamed:4:4 Expected an operand but found eof\r\n\/\/})\r\n    ^\n\n- org.graalvm.polyglot.Context.eval(Context.java:425)\n- com.intuit.karate.graal.JsEngine.evalForValue(JsEngine.java:139)\n- com.intuit.karate.graal.JsEngine.eval(JsEngine.java:135)\n- com.intuit.karate.core.ScenarioEngine.evalJs(ScenarioEngine.java:1190)\n- com.intuit.karate.core.ScenarioRuntime.evalConfigJs(ScenarioRuntime.java:296)\n- com.intuit.karate.core.ScenarioRuntime.beforeRun(ScenarioRuntime.java:372)\n- com.intuit.karate.core.ScenarioRuntime.run(ScenarioRuntime.java:391)\n\njs failed:\n>>>>\n01: \/\/function fn() {\n02: \/\/  karate.log(\"Cargando configuraciones\");\n03: \/\/  return config;\n04: \/\/}\n<<<<\ncom.intuit.karate.KarateException: js failed:\n>>>>\n01: (\/\/function fn() {\n02: \/\/  karate.log(\"Cargando configuraciones\");\n03: \/\/  return config;\n04: \/\/})\n<<<<\norg.graalvm.polyglot.PolyglotException: SyntaxError: Unnamed:4:4 Expected an operand but found eof\r\n\/\/})\r\n    ^\n\n- org.graalvm.polyglot.Context.eval(Context.java:425)\n- com.intuit.karate.graal.JsEngine.evalForValue(JsEngine.java:139)\n- com.intuit.karate.graal.JsEngine.eval(JsEngine.java:135)\n- com.intuit.karate.core.ScenarioEngine.evalJs(ScenarioEngine.java:1190)\n- com.intuit.karate.core.ScenarioRuntime.evalConfigJs(ScenarioRuntime.java:296)\n- com.intuit.karate.core.ScenarioRuntime.beforeRun(ScenarioRuntime.java:372)\n- com.intuit.karate.core.ScenarioRuntime.run(ScenarioRuntime.java:391)\n\n- com.intuit.karate.graal.JsEngine.fromJsEvalException(JsEngine.java:224)\n- com.intuit.karate.core.ScenarioEngine.evalJs(ScenarioEngine.java:1192)\n- com.intuit.karate.core.ScenarioRuntime.evalConfigJs(ScenarioRuntime.java:296)\n- com.intuit.karate.core.ScenarioRuntime.beforeRun(ScenarioRuntime.java:372)\n- com.intuit.karate.core.ScenarioRuntime.run(ScenarioRuntime.java:391)\n- com.intuit.karate.core.FeatureRuntime.processScenario(FeatureRuntime.java:199)\n- java.base\/java.util.stream.ReferencePipeline$2$1.accept(ReferencePipeline.java:179)\n\nclasspath:acceptance\/test\/resources\/utils\/utils.feature:3\nclasspath:acceptance\/test\/resources\/utils\/utils.feature:4\nclasspath:acceptance\/test\/resources\/utils\/utils.feature:5\n"},{"result":{"nanos":0,"errorMessage":">> classpath:acceptance\/test\/resources\/utils\/utils.feature:8\n>> karate-config.js failed\n>> js failed:\n>>>>\n01: (\/\/function fn() {\n02: \/\/  karate.log(\"Cargando configuraciones\");\n03: \/\/  return config;\n04: \/\/})\n<<<<\norg.graalvm.polyglot.PolyglotException: SyntaxError: Unnamed:4:4 Expected an operand but found eof\r\n\/\/})\r\n    ^\n\n- org.graalvm.polyglot.Context.eval(Context.java:425)\n- com.intuit.karate.graal.JsEngine.evalForValue(JsEngine.java:139)\n- com.intuit.karate.graal.JsEngine.eval(JsEngine.java:135)\n- com.intuit.karate.core.ScenarioEngine.evalJs(ScenarioEngine.java:1190)\n- com.intuit.karate.core.ScenarioRuntime.evalConfigJs(ScenarioRuntime.java:296)\n- com.intuit.karate.core.ScenarioRuntime.beforeRun(ScenarioRuntime.java:372)\n- com.intuit.karate.core.ScenarioRuntime.run(ScenarioRuntime.java:391)\n\njs failed:\n>>>>\n01: \/\/function fn() {\n02: \/\/  karate.log(\"Cargando configuraciones\");\n03: \/\/  return config;\n04: \/\/}\n<<<<\ncom.intuit.karate.KarateException: js failed:\n>>>>\n01: (\/\/function fn() {\n02: \/\/  karate.log(\"Cargando configuraciones\");\n03: \/\/  return config;\n04: \/\/})\n<<<<\norg.graalvm.polyglot.PolyglotException: SyntaxError: Unnamed:4:4 Expected an operand but found eof\r\n\/\/})\r\n    ^\n\n- org.graalvm.polyglot.Context.eval(Context.java:425)\n- com.intuit.karate.graal.JsEngine.evalForValue(JsEngine.java:139)\n- com.intuit.karate.graal.JsEngine.eval(JsEngine.java:135)\n- com.intuit.karate.core.ScenarioEngine.evalJs(ScenarioEngine.java:1190)\n- com.intuit.karate.core.ScenarioRuntime.evalConfigJs(ScenarioRuntime.java:296)\n- com.intuit.karate.core.ScenarioRuntime.beforeRun(ScenarioRuntime.java:372)\n- com.intuit.karate.core.ScenarioRuntime.run(ScenarioRuntime.java:391)\n\n- com.intuit.karate.graal.JsEngine.fromJsEvalException(JsEngine.java:224)\n- com.intuit.karate.core.ScenarioEngine.evalJs(ScenarioEngine.java:1192)\n- com.intuit.karate.core.ScenarioRuntime.evalConfigJs(ScenarioRuntime.java:296)\n- com.intuit.karate.core.ScenarioRuntime.beforeRun(ScenarioRuntime.java:372)\n- com.intuit.karate.core.ScenarioRuntime.run(ScenarioRuntime.java:391)\n- com.intuit.karate.core.FeatureRuntime.processScenario(FeatureRuntime.java:199)\n- java.base\/java.util.stream.ReferencePipeline$2$1.accept(ReferencePipeline.java:179)\n\nclasspath:acceptance\/test\/resources\/utils\/utils.feature:3\nclasspath:acceptance\/test\/resources\/utils\/utils.feature:4\nclasspath:acceptance\/test\/resources\/utils\/utils.feature:5\nclasspath:acceptance\/test\/resources\/utils\/utils.feature:6","millis":0.0,"status":"failed"},"step":{"background":true,"line":6,"prefix":"*","index":3,"text":"def waitTime = function(seconds) { java.lang.Thread.sleep(seconds * 1000) }"},"stepLog":"16:39:52.251 classpath:acceptance\/test\/resources\/utils\/utils.feature:6\n* def waitTime = function(seconds) { java.lang.Thread.sleep(seconds * 1000) }\n>> classpath:acceptance\/test\/resources\/utils\/utils.feature:8\n>> karate-config.js failed\n>> js failed:\n>>>>\n01: (\/\/function fn() {\n02: \/\/  karate.log(\"Cargando configuraciones\");\n03: \/\/  return config;\n04: \/\/})\n<<<<\norg.graalvm.polyglot.PolyglotException: SyntaxError: Unnamed:4:4 Expected an operand but found eof\r\n\/\/})\r\n    ^\n\n- org.graalvm.polyglot.Context.eval(Context.java:425)\n- com.intuit.karate.graal.JsEngine.evalForValue(JsEngine.java:139)\n- com.intuit.karate.graal.JsEngine.eval(JsEngine.java:135)\n- com.intuit.karate.core.ScenarioEngine.evalJs(ScenarioEngine.java:1190)\n- com.intuit.karate.core.ScenarioRuntime.evalConfigJs(ScenarioRuntime.java:296)\n- com.intuit.karate.core.ScenarioRuntime.beforeRun(ScenarioRuntime.java:372)\n- com.intuit.karate.core.ScenarioRuntime.run(ScenarioRuntime.java:391)\n\njs failed:\n>>>>\n01: \/\/function fn() {\n02: \/\/  karate.log(\"Cargando configuraciones\");\n03: \/\/  return config;\n04: \/\/}\n<<<<\ncom.intuit.karate.KarateException: js failed:\n>>>>\n01: (\/\/function fn() {\n02: \/\/  karate.log(\"Cargando configuraciones\");\n03: \/\/  return config;\n04: \/\/})\n<<<<\norg.graalvm.polyglot.PolyglotException: SyntaxError: Unnamed:4:4 Expected an operand but found eof\r\n\/\/})\r\n    ^\n\n- org.graalvm.polyglot.Context.eval(Context.java:425)\n- com.intuit.karate.graal.JsEngine.evalForValue(JsEngine.java:139)\n- com.intuit.karate.graal.JsEngine.eval(JsEngine.java:135)\n- com.intuit.karate.core.ScenarioEngine.evalJs(ScenarioEngine.java:1190)\n- com.intuit.karate.core.ScenarioRuntime.evalConfigJs(ScenarioRuntime.java:296)\n- com.intuit.karate.core.ScenarioRuntime.beforeRun(ScenarioRuntime.java:372)\n- com.intuit.karate.core.ScenarioRuntime.run(ScenarioRuntime.java:391)\n\n- com.intuit.karate.graal.JsEngine.fromJsEvalException(JsEngine.java:224)\n- com.intuit.karate.core.ScenarioEngine.evalJs(ScenarioEngine.java:1192)\n- com.intuit.karate.core.ScenarioRuntime.evalConfigJs(ScenarioRuntime.java:296)\n- com.intuit.karate.core.ScenarioRuntime.beforeRun(ScenarioRuntime.java:372)\n- com.intuit.karate.core.ScenarioRuntime.run(ScenarioRuntime.java:391)\n- com.intuit.karate.core.FeatureRuntime.processScenario(FeatureRuntime.java:199)\n- java.base\/java.util.stream.ReferencePipeline$2$1.accept(ReferencePipeline.java:179)\n\nclasspath:acceptance\/test\/resources\/utils\/utils.feature:3\nclasspath:acceptance\/test\/resources\/utils\/utils.feature:4\nclasspath:acceptance\/test\/resources\/utils\/utils.feature:5\nclasspath:acceptance\/test\/resources\/utils\/utils.feature:6\n"},{"result":{"nanos":0,"errorMessage":">> classpath:acceptance\/test\/resources\/utils\/utils.feature:8\n>> karate-config.js failed\n>> js failed:\n>>>>\n01: (\/\/function fn() {\n02: \/\/  karate.log(\"Cargando configuraciones\");\n03: \/\/  return config;\n04: \/\/})\n<<<<\norg.graalvm.polyglot.PolyglotException: SyntaxError: Unnamed:4:4 Expected an operand but found eof\r\n\/\/})\r\n    ^\n\n- org.graalvm.polyglot.Context.eval(Context.java:425)\n- com.intuit.karate.graal.JsEngine.evalForValue(JsEngine.java:139)\n- com.intuit.karate.graal.JsEngine.eval(JsEngine.java:135)\n- com.intuit.karate.core.ScenarioEngine.evalJs(ScenarioEngine.java:1190)\n- com.intuit.karate.core.ScenarioRuntime.evalConfigJs(ScenarioRuntime.java:296)\n- com.intuit.karate.core.ScenarioRuntime.beforeRun(ScenarioRuntime.java:372)\n- com.intuit.karate.core.ScenarioRuntime.run(ScenarioRuntime.java:391)\n\njs failed:\n>>>>\n01: \/\/function fn() {\n02: \/\/  karate.log(\"Cargando configuraciones\");\n03: \/\/  return config;\n04: \/\/}\n<<<<\ncom.intuit.karate.KarateException: js failed:\n>>>>\n01: (\/\/function fn() {\n02: \/\/  karate.log(\"Cargando configuraciones\");\n03: \/\/  return config;\n04: \/\/})\n<<<<\norg.graalvm.polyglot.PolyglotException: SyntaxError: Unnamed:4:4 Expected an operand but found eof\r\n\/\/})\r\n    ^\n\n- org.graalvm.polyglot.Context.eval(Context.java:425)\n- com.intuit.karate.graal.JsEngine.evalForValue(JsEngine.java:139)\n- com.intuit.karate.graal.JsEngine.eval(JsEngine.java:135)\n- com.intuit.karate.core.ScenarioEngine.evalJs(ScenarioEngine.java:1190)\n- com.intuit.karate.core.ScenarioRuntime.evalConfigJs(ScenarioRuntime.java:296)\n- com.intuit.karate.core.ScenarioRuntime.beforeRun(ScenarioRuntime.java:372)\n- com.intuit.karate.core.ScenarioRuntime.run(ScenarioRuntime.java:391)\n\n- com.intuit.karate.graal.JsEngine.fromJsEvalException(JsEngine.java:224)\n- com.intuit.karate.core.ScenarioEngine.evalJs(ScenarioEngine.java:1192)\n- com.intuit.karate.core.ScenarioRuntime.evalConfigJs(ScenarioRuntime.java:296)\n- com.intuit.karate.core.ScenarioRuntime.beforeRun(ScenarioRuntime.java:372)\n- com.intuit.karate.core.ScenarioRuntime.run(ScenarioRuntime.java:391)\n- com.intuit.karate.core.FeatureRuntime.processScenario(FeatureRuntime.java:199)\n- java.base\/java.util.stream.ReferencePipeline$2$1.accept(ReferencePipeline.java:179)\n\nclasspath:acceptance\/test\/resources\/utils\/utils.feature:3\nclasspath:acceptance\/test\/resources\/utils\/utils.feature:4\nclasspath:acceptance\/test\/resources\/utils\/utils.feature:5\nclasspath:acceptance\/test\/resources\/utils\/utils.feature:6\nclasspath:acceptance\/test\/resources\/utils\/utils.feature:9","millis":0.0,"status":"failed"},"step":{"line":9,"prefix":"*","index":0,"text":"def result = FileUtils.renameFile(currentFilePath, currentFileName, newPathNewFile, uuid, fileExtension)"},"stepLog":"16:39:52.251 classpath:acceptance\/test\/resources\/utils\/utils.feature:9\n* def result = FileUtils.renameFile(currentFilePath, currentFileName, newPathNewFile, uuid, fileExtension)\n>> classpath:acceptance\/test\/resources\/utils\/utils.feature:8\n>> karate-config.js failed\n>> js failed:\n>>>>\n01: (\/\/function fn() {\n02: \/\/  karate.log(\"Cargando configuraciones\");\n03: \/\/  return config;\n04: \/\/})\n<<<<\norg.graalvm.polyglot.PolyglotException: SyntaxError: Unnamed:4:4 Expected an operand but found eof\r\n\/\/})\r\n    ^\n\n- org.graalvm.polyglot.Context.eval(Context.java:425)\n- com.intuit.karate.graal.JsEngine.evalForValue(JsEngine.java:139)\n- com.intuit.karate.graal.JsEngine.eval(JsEngine.java:135)\n- com.intuit.karate.core.ScenarioEngine.evalJs(ScenarioEngine.java:1190)\n- com.intuit.karate.core.ScenarioRuntime.evalConfigJs(ScenarioRuntime.java:296)\n- com.intuit.karate.core.ScenarioRuntime.beforeRun(ScenarioRuntime.java:372)\n- com.intuit.karate.core.ScenarioRuntime.run(ScenarioRuntime.java:391)\n\njs failed:\n>>>>\n01: \/\/function fn() {\n02: \/\/  karate.log(\"Cargando configuraciones\");\n03: \/\/  return config;\n04: \/\/}\n<<<<\ncom.intuit.karate.KarateException: js failed:\n>>>>\n01: (\/\/function fn() {\n02: \/\/  karate.log(\"Cargando configuraciones\");\n03: \/\/  return config;\n04: \/\/})\n<<<<\norg.graalvm.polyglot.PolyglotException: SyntaxError: Unnamed:4:4 Expected an operand but found eof\r\n\/\/})\r\n    ^\n\n- org.graalvm.polyglot.Context.eval(Context.java:425)\n- com.intuit.karate.graal.JsEngine.evalForValue(JsEngine.java:139)\n- com.intuit.karate.graal.JsEngine.eval(JsEngine.java:135)\n- com.intuit.karate.core.ScenarioEngine.evalJs(ScenarioEngine.java:1190)\n- com.intuit.karate.core.ScenarioRuntime.evalConfigJs(ScenarioRuntime.java:296)\n- com.intuit.karate.core.ScenarioRuntime.beforeRun(ScenarioRuntime.java:372)\n- com.intuit.karate.core.ScenarioRuntime.run(ScenarioRuntime.java:391)\n\n- com.intuit.karate.graal.JsEngine.fromJsEvalException(JsEngine.java:224)\n- com.intuit.karate.core.ScenarioEngine.evalJs(ScenarioEngine.java:1192)\n- com.intuit.karate.core.ScenarioRuntime.evalConfigJs(ScenarioRuntime.java:296)\n- com.intuit.karate.core.ScenarioRuntime.beforeRun(ScenarioRuntime.java:372)\n- com.intuit.karate.core.ScenarioRuntime.run(ScenarioRuntime.java:391)\n- com.intuit.karate.core.FeatureRuntime.processScenario(FeatureRuntime.java:199)\n- java.base\/java.util.stream.ReferencePipeline$2$1.accept(ReferencePipeline.java:179)\n\nclasspath:acceptance\/test\/resources\/utils\/utils.feature:3\nclasspath:acceptance\/test\/resources\/utils\/utils.feature:4\nclasspath:acceptance\/test\/resources\/utils\/utils.feature:5\nclasspath:acceptance\/test\/resources\/utils\/utils.feature:6\nclasspath:acceptance\/test\/resources\/utils\/utils.feature:9\n"},{"result":{"nanos":0,"errorMessage":">> classpath:acceptance\/test\/resources\/utils\/utils.feature:8\n>> karate-config.js failed\n>> js failed:\n>>>>\n01: (\/\/function fn() {\n02: \/\/  karate.log(\"Cargando configuraciones\");\n03: \/\/  return config;\n04: \/\/})\n<<<<\norg.graalvm.polyglot.PolyglotException: SyntaxError: Unnamed:4:4 Expected an operand but found eof\r\n\/\/})\r\n    ^\n\n- org.graalvm.polyglot.Context.eval(Context.java:425)\n- com.intuit.karate.graal.JsEngine.evalForValue(JsEngine.java:139)\n- com.intuit.karate.graal.JsEngine.eval(JsEngine.java:135)\n- com.intuit.karate.core.ScenarioEngine.evalJs(ScenarioEngine.java:1190)\n- com.intuit.karate.core.ScenarioRuntime.evalConfigJs(ScenarioRuntime.java:296)\n- com.intuit.karate.core.ScenarioRuntime.beforeRun(ScenarioRuntime.java:372)\n- com.intuit.karate.core.ScenarioRuntime.run(ScenarioRuntime.java:391)\n\njs failed:\n>>>>\n01: \/\/function fn() {\n02: \/\/  karate.log(\"Cargando configuraciones\");\n03: \/\/  return config;\n04: \/\/}\n<<<<\ncom.intuit.karate.KarateException: js failed:\n>>>>\n01: (\/\/function fn() {\n02: \/\/  karate.log(\"Cargando configuraciones\");\n03: \/\/  return config;\n04: \/\/})\n<<<<\norg.graalvm.polyglot.PolyglotException: SyntaxError: Unnamed:4:4 Expected an operand but found eof\r\n\/\/})\r\n    ^\n\n- org.graalvm.polyglot.Context.eval(Context.java:425)\n- com.intuit.karate.graal.JsEngine.evalForValue(JsEngine.java:139)\n- com.intuit.karate.graal.JsEngine.eval(JsEngine.java:135)\n- com.intuit.karate.core.ScenarioEngine.evalJs(ScenarioEngine.java:1190)\n- com.intuit.karate.core.ScenarioRuntime.evalConfigJs(ScenarioRuntime.java:296)\n- com.intuit.karate.core.ScenarioRuntime.beforeRun(ScenarioRuntime.java:372)\n- com.intuit.karate.core.ScenarioRuntime.run(ScenarioRuntime.java:391)\n\n- com.intuit.karate.graal.JsEngine.fromJsEvalException(JsEngine.java:224)\n- com.intuit.karate.core.ScenarioEngine.evalJs(ScenarioEngine.java:1192)\n- com.intuit.karate.core.ScenarioRuntime.evalConfigJs(ScenarioRuntime.java:296)\n- com.intuit.karate.core.ScenarioRuntime.beforeRun(ScenarioRuntime.java:372)\n- com.intuit.karate.core.ScenarioRuntime.run(ScenarioRuntime.java:391)\n- com.intuit.karate.core.FeatureRuntime.processScenario(FeatureRuntime.java:199)\n- java.base\/java.util.stream.ReferencePipeline$2$1.accept(ReferencePipeline.java:179)\n\nclasspath:acceptance\/test\/resources\/utils\/utils.feature:3\nclasspath:acceptance\/test\/resources\/utils\/utils.feature:4\nclasspath:acceptance\/test\/resources\/utils\/utils.feature:5\nclasspath:acceptance\/test\/resources\/utils\/utils.feature:6\nclasspath:acceptance\/test\/resources\/utils\/utils.feature:9\nclasspath:acceptance\/test\/resources\/utils\/utils.feature:10","millis":0.0,"status":"failed"},"step":{"line":10,"prefix":"*","index":1,"text":"match result == true"},"stepLog":"16:39:52.251 classpath:acceptance\/test\/resources\/utils\/utils.feature:10\n* match result == true\n>> classpath:acceptance\/test\/resources\/utils\/utils.feature:8\n>> karate-config.js failed\n>> js failed:\n>>>>\n01: (\/\/function fn() {\n02: \/\/  karate.log(\"Cargando configuraciones\");\n03: \/\/  return config;\n04: \/\/})\n<<<<\norg.graalvm.polyglot.PolyglotException: SyntaxError: Unnamed:4:4 Expected an operand but found eof\r\n\/\/})\r\n    ^\n\n- org.graalvm.polyglot.Context.eval(Context.java:425)\n- com.intuit.karate.graal.JsEngine.evalForValue(JsEngine.java:139)\n- com.intuit.karate.graal.JsEngine.eval(JsEngine.java:135)\n- com.intuit.karate.core.ScenarioEngine.evalJs(ScenarioEngine.java:1190)\n- com.intuit.karate.core.ScenarioRuntime.evalConfigJs(ScenarioRuntime.java:296)\n- com.intuit.karate.core.ScenarioRuntime.beforeRun(ScenarioRuntime.java:372)\n- com.intuit.karate.core.ScenarioRuntime.run(ScenarioRuntime.java:391)\n\njs failed:\n>>>>\n01: \/\/function fn() {\n02: \/\/  karate.log(\"Cargando configuraciones\");\n03: \/\/  return config;\n04: \/\/}\n<<<<\ncom.intuit.karate.KarateException: js failed:\n>>>>\n01: (\/\/function fn() {\n02: \/\/  karate.log(\"Cargando configuraciones\");\n03: \/\/  return config;\n04: \/\/})\n<<<<\norg.graalvm.polyglot.PolyglotException: SyntaxError: Unnamed:4:4 Expected an operand but found eof\r\n\/\/})\r\n    ^\n\n- org.graalvm.polyglot.Context.eval(Context.java:425)\n- com.intuit.karate.graal.JsEngine.evalForValue(JsEngine.java:139)\n- com.intuit.karate.graal.JsEngine.eval(JsEngine.java:135)\n- com.intuit.karate.core.ScenarioEngine.evalJs(ScenarioEngine.java:1190)\n- com.intuit.karate.core.ScenarioRuntime.evalConfigJs(ScenarioRuntime.java:296)\n- com.intuit.karate.core.ScenarioRuntime.beforeRun(ScenarioRuntime.java:372)\n- com.intuit.karate.core.ScenarioRuntime.run(ScenarioRuntime.java:391)\n\n- com.intuit.karate.graal.JsEngine.fromJsEvalException(JsEngine.java:224)\n- com.intuit.karate.core.ScenarioEngine.evalJs(ScenarioEngine.java:1192)\n- com.intuit.karate.core.ScenarioRuntime.evalConfigJs(ScenarioRuntime.java:296)\n- com.intuit.karate.core.ScenarioRuntime.beforeRun(ScenarioRuntime.java:372)\n- com.intuit.karate.core.ScenarioRuntime.run(ScenarioRuntime.java:391)\n- com.intuit.karate.core.FeatureRuntime.processScenario(FeatureRuntime.java:199)\n- java.base\/java.util.stream.ReferencePipeline$2$1.accept(ReferencePipeline.java:179)\n\nclasspath:acceptance\/test\/resources\/utils\/utils.feature:3\nclasspath:acceptance\/test\/resources\/utils\/utils.feature:4\nclasspath:acceptance\/test\/resources\/utils\/utils.feature:5\nclasspath:acceptance\/test\/resources\/utils\/utils.feature:6\nclasspath:acceptance\/test\/resources\/utils\/utils.feature:9\nclasspath:acceptance\/test\/resources\/utils\/utils.feature:10\n"},{"result":{"nanos":0,"errorMessage":">> classpath:acceptance\/test\/resources\/utils\/utils.feature:8\n>> karate-config.js failed\n>> js failed:\n>>>>\n01: (\/\/function fn() {\n02: \/\/  karate.log(\"Cargando configuraciones\");\n03: \/\/  return config;\n04: \/\/})\n<<<<\norg.graalvm.polyglot.PolyglotException: SyntaxError: Unnamed:4:4 Expected an operand but found eof\r\n\/\/})\r\n    ^\n\n- org.graalvm.polyglot.Context.eval(Context.java:425)\n- com.intuit.karate.graal.JsEngine.evalForValue(JsEngine.java:139)\n- com.intuit.karate.graal.JsEngine.eval(JsEngine.java:135)\n- com.intuit.karate.core.ScenarioEngine.evalJs(ScenarioEngine.java:1190)\n- com.intuit.karate.core.ScenarioRuntime.evalConfigJs(ScenarioRuntime.java:296)\n- com.intuit.karate.core.ScenarioRuntime.beforeRun(ScenarioRuntime.java:372)\n- com.intuit.karate.core.ScenarioRuntime.run(ScenarioRuntime.java:391)\n\njs failed:\n>>>>\n01: \/\/function fn() {\n02: \/\/  karate.log(\"Cargando configuraciones\");\n03: \/\/  return config;\n04: \/\/}\n<<<<\ncom.intuit.karate.KarateException: js failed:\n>>>>\n01: (\/\/function fn() {\n02: \/\/  karate.log(\"Cargando configuraciones\");\n03: \/\/  return config;\n04: \/\/})\n<<<<\norg.graalvm.polyglot.PolyglotException: SyntaxError: Unnamed:4:4 Expected an operand but found eof\r\n\/\/})\r\n    ^\n\n- org.graalvm.polyglot.Context.eval(Context.java:425)\n- com.intuit.karate.graal.JsEngine.evalForValue(JsEngine.java:139)\n- com.intuit.karate.graal.JsEngine.eval(JsEngine.java:135)\n- com.intuit.karate.core.ScenarioEngine.evalJs(ScenarioEngine.java:1190)\n- com.intuit.karate.core.ScenarioRuntime.evalConfigJs(ScenarioRuntime.java:296)\n- com.intuit.karate.core.ScenarioRuntime.beforeRun(ScenarioRuntime.java:372)\n- com.intuit.karate.core.ScenarioRuntime.run(ScenarioRuntime.java:391)\n\n- com.intuit.karate.graal.JsEngine.fromJsEvalException(JsEngine.java:224)\n- com.intuit.karate.core.ScenarioEngine.evalJs(ScenarioEngine.java:1192)\n- com.intuit.karate.core.ScenarioRuntime.evalConfigJs(ScenarioRuntime.java:296)\n- com.intuit.karate.core.ScenarioRuntime.beforeRun(ScenarioRuntime.java:372)\n- com.intuit.karate.core.ScenarioRuntime.run(ScenarioRuntime.java:391)\n- com.intuit.karate.core.FeatureRuntime.processScenario(FeatureRuntime.java:199)\n- java.base\/java.util.stream.ReferencePipeline$2$1.accept(ReferencePipeline.java:179)\n\nclasspath:acceptance\/test\/resources\/utils\/utils.feature:3\nclasspath:acceptance\/test\/resources\/utils\/utils.feature:4\nclasspath:acceptance\/test\/resources\/utils\/utils.feature:5\nclasspath:acceptance\/test\/resources\/utils\/utils.feature:6\nclasspath:acceptance\/test\/resources\/utils\/utils.feature:9\nclasspath:acceptance\/test\/resources\/utils\/utils.feature:10\nclasspath:acceptance\/test\/resources\/utils\/utils.feature:11","millis":0.0,"status":"failed"},"step":{"line":11,"prefix":"*","index":2,"text":"def fullFileName = uuid + fileExtension"},"stepLog":"16:39:52.252 classpath:acceptance\/test\/resources\/utils\/utils.feature:11\n* def fullFileName = uuid + fileExtension\n>> classpath:acceptance\/test\/resources\/utils\/utils.feature:8\n>> karate-config.js failed\n>> js failed:\n>>>>\n01: (\/\/function fn() {\n02: \/\/  karate.log(\"Cargando configuraciones\");\n03: \/\/  return config;\n04: \/\/})\n<<<<\norg.graalvm.polyglot.PolyglotException: SyntaxError: Unnamed:4:4 Expected an operand but found eof\r\n\/\/})\r\n    ^\n\n- org.graalvm.polyglot.Context.eval(Context.java:425)\n- com.intuit.karate.graal.JsEngine.evalForValue(JsEngine.java:139)\n- com.intuit.karate.graal.JsEngine.eval(JsEngine.java:135)\n- com.intuit.karate.core.ScenarioEngine.evalJs(ScenarioEngine.java:1190)\n- com.intuit.karate.core.ScenarioRuntime.evalConfigJs(ScenarioRuntime.java:296)\n- com.intuit.karate.core.ScenarioRuntime.beforeRun(ScenarioRuntime.java:372)\n- com.intuit.karate.core.ScenarioRuntime.run(ScenarioRuntime.java:391)\n\njs failed:\n>>>>\n01: \/\/function fn() {\n02: \/\/  karate.log(\"Cargando configuraciones\");\n03: \/\/  return config;\n04: \/\/}\n<<<<\ncom.intuit.karate.KarateException: js failed:\n>>>>\n01: (\/\/function fn() {\n02: \/\/  karate.log(\"Cargando configuraciones\");\n03: \/\/  return config;\n04: \/\/})\n<<<<\norg.graalvm.polyglot.PolyglotException: SyntaxError: Unnamed:4:4 Expected an operand but found eof\r\n\/\/})\r\n    ^\n\n- org.graalvm.polyglot.Context.eval(Context.java:425)\n- com.intuit.karate.graal.JsEngine.evalForValue(JsEngine.java:139)\n- com.intuit.karate.graal.JsEngine.eval(JsEngine.java:135)\n- com.intuit.karate.core.ScenarioEngine.evalJs(ScenarioEngine.java:1190)\n- com.intuit.karate.core.ScenarioRuntime.evalConfigJs(ScenarioRuntime.java:296)\n- com.intuit.karate.core.ScenarioRuntime.beforeRun(ScenarioRuntime.java:372)\n- com.intuit.karate.core.ScenarioRuntime.run(ScenarioRuntime.java:391)\n\n- com.intuit.karate.graal.JsEngine.fromJsEvalException(JsEngine.java:224)\n- com.intuit.karate.core.ScenarioEngine.evalJs(ScenarioEngine.java:1192)\n- com.intuit.karate.core.ScenarioRuntime.evalConfigJs(ScenarioRuntime.java:296)\n- com.intuit.karate.core.ScenarioRuntime.beforeRun(ScenarioRuntime.java:372)\n- com.intuit.karate.core.ScenarioRuntime.run(ScenarioRuntime.java:391)\n- com.intuit.karate.core.FeatureRuntime.processScenario(FeatureRuntime.java:199)\n- java.base\/java.util.stream.ReferencePipeline$2$1.accept(ReferencePipeline.java:179)\n\nclasspath:acceptance\/test\/resources\/utils\/utils.feature:3\nclasspath:acceptance\/test\/resources\/utils\/utils.feature:4\nclasspath:acceptance\/test\/resources\/utils\/utils.feature:5\nclasspath:acceptance\/test\/resources\/utils\/utils.feature:6\nclasspath:acceptance\/test\/resources\/utils\/utils.feature:9\nclasspath:acceptance\/test\/resources\/utils\/utils.feature:10\nclasspath:acceptance\/test\/resources\/utils\/utils.feature:11\n"},{"result":{"nanos":0,"errorMessage":">> classpath:acceptance\/test\/resources\/utils\/utils.feature:8\n>> karate-config.js failed\n>> js failed:\n>>>>\n01: (\/\/function fn() {\n02: \/\/  karate.log(\"Cargando configuraciones\");\n03: \/\/  return config;\n04: \/\/})\n<<<<\norg.graalvm.polyglot.PolyglotException: SyntaxError: Unnamed:4:4 Expected an operand but found eof\r\n\/\/})\r\n    ^\n\n- org.graalvm.polyglot.Context.eval(Context.java:425)\n- com.intuit.karate.graal.JsEngine.evalForValue(JsEngine.java:139)\n- com.intuit.karate.graal.JsEngine.eval(JsEngine.java:135)\n- com.intuit.karate.core.ScenarioEngine.evalJs(ScenarioEngine.java:1190)\n- com.intuit.karate.core.ScenarioRuntime.evalConfigJs(ScenarioRuntime.java:296)\n- com.intuit.karate.core.ScenarioRuntime.beforeRun(ScenarioRuntime.java:372)\n- com.intuit.karate.core.ScenarioRuntime.run(ScenarioRuntime.java:391)\n\njs failed:\n>>>>\n01: \/\/function fn() {\n02: \/\/  karate.log(\"Cargando configuraciones\");\n03: \/\/  return config;\n04: \/\/}\n<<<<\ncom.intuit.karate.KarateException: js failed:\n>>>>\n01: (\/\/function fn() {\n02: \/\/  karate.log(\"Cargando configuraciones\");\n03: \/\/  return config;\n04: \/\/})\n<<<<\norg.graalvm.polyglot.PolyglotException: SyntaxError: Unnamed:4:4 Expected an operand but found eof\r\n\/\/})\r\n    ^\n\n- org.graalvm.polyglot.Context.eval(Context.java:425)\n- com.intuit.karate.graal.JsEngine.evalForValue(JsEngine.java:139)\n- com.intuit.karate.graal.JsEngine.eval(JsEngine.java:135)\n- com.intuit.karate.core.ScenarioEngine.evalJs(ScenarioEngine.java:1190)\n- com.intuit.karate.core.ScenarioRuntime.evalConfigJs(ScenarioRuntime.java:296)\n- com.intuit.karate.core.ScenarioRuntime.beforeRun(ScenarioRuntime.java:372)\n- com.intuit.karate.core.ScenarioRuntime.run(ScenarioRuntime.java:391)\n\n- com.intuit.karate.graal.JsEngine.fromJsEvalException(JsEngine.java:224)\n- com.intuit.karate.core.ScenarioEngine.evalJs(ScenarioEngine.java:1192)\n- com.intuit.karate.core.ScenarioRuntime.evalConfigJs(ScenarioRuntime.java:296)\n- com.intuit.karate.core.ScenarioRuntime.beforeRun(ScenarioRuntime.java:372)\n- com.intuit.karate.core.ScenarioRuntime.run(ScenarioRuntime.java:391)\n- com.intuit.karate.core.FeatureRuntime.processScenario(FeatureRuntime.java:199)\n- java.base\/java.util.stream.ReferencePipeline$2$1.accept(ReferencePipeline.java:179)\n\nclasspath:acceptance\/test\/resources\/utils\/utils.feature:3\nclasspath:acceptance\/test\/resources\/utils\/utils.feature:4\nclasspath:acceptance\/test\/resources\/utils\/utils.feature:5\nclasspath:acceptance\/test\/resources\/utils\/utils.feature:6\nclasspath:acceptance\/test\/resources\/utils\/utils.feature:9\nclasspath:acceptance\/test\/resources\/utils\/utils.feature:10\nclasspath:acceptance\/test\/resources\/utils\/utils.feature:11\nclasspath:acceptance\/test\/resources\/utils\/utils.feature:12","millis":0.0,"status":"failed"},"step":{"line":12,"prefix":"*","index":3,"text":"S3ManagerInstance.uploadFileToBucket(bucketName, folderRecaudoFiles, fullFileName, newPathNewFile)"},"stepLog":"16:39:52.252 classpath:acceptance\/test\/resources\/utils\/utils.feature:12\n* S3ManagerInstance.uploadFileToBucket(bucketName, folderRecaudoFiles, fullFileName, newPathNewFile)\n>> classpath:acceptance\/test\/resources\/utils\/utils.feature:8\n>> karate-config.js failed\n>> js failed:\n>>>>\n01: (\/\/function fn() {\n02: \/\/  karate.log(\"Cargando configuraciones\");\n03: \/\/  return config;\n04: \/\/})\n<<<<\norg.graalvm.polyglot.PolyglotException: SyntaxError: Unnamed:4:4 Expected an operand but found eof\r\n\/\/})\r\n    ^\n\n- org.graalvm.polyglot.Context.eval(Context.java:425)\n- com.intuit.karate.graal.JsEngine.evalForValue(JsEngine.java:139)\n- com.intuit.karate.graal.JsEngine.eval(JsEngine.java:135)\n- com.intuit.karate.core.ScenarioEngine.evalJs(ScenarioEngine.java:1190)\n- com.intuit.karate.core.ScenarioRuntime.evalConfigJs(ScenarioRuntime.java:296)\n- com.intuit.karate.core.ScenarioRuntime.beforeRun(ScenarioRuntime.java:372)\n- com.intuit.karate.core.ScenarioRuntime.run(ScenarioRuntime.java:391)\n\njs failed:\n>>>>\n01: \/\/function fn() {\n02: \/\/  karate.log(\"Cargando configuraciones\");\n03: \/\/  return config;\n04: \/\/}\n<<<<\ncom.intuit.karate.KarateException: js failed:\n>>>>\n01: (\/\/function fn() {\n02: \/\/  karate.log(\"Cargando configuraciones\");\n03: \/\/  return config;\n04: \/\/})\n<<<<\norg.graalvm.polyglot.PolyglotException: SyntaxError: Unnamed:4:4 Expected an operand but found eof\r\n\/\/})\r\n    ^\n\n- org.graalvm.polyglot.Context.eval(Context.java:425)\n- com.intuit.karate.graal.JsEngine.evalForValue(JsEngine.java:139)\n- com.intuit.karate.graal.JsEngine.eval(JsEngine.java:135)\n- com.intuit.karate.core.ScenarioEngine.evalJs(ScenarioEngine.java:1190)\n- com.intuit.karate.core.ScenarioRuntime.evalConfigJs(ScenarioRuntime.java:296)\n- com.intuit.karate.core.ScenarioRuntime.beforeRun(ScenarioRuntime.java:372)\n- com.intuit.karate.core.ScenarioRuntime.run(ScenarioRuntime.java:391)\n\n- com.intuit.karate.graal.JsEngine.fromJsEvalException(JsEngine.java:224)\n- com.intuit.karate.core.ScenarioEngine.evalJs(ScenarioEngine.java:1192)\n- com.intuit.karate.core.ScenarioRuntime.evalConfigJs(ScenarioRuntime.java:296)\n- com.intuit.karate.core.ScenarioRuntime.beforeRun(ScenarioRuntime.java:372)\n- com.intuit.karate.core.ScenarioRuntime.run(ScenarioRuntime.java:391)\n- com.intuit.karate.core.FeatureRuntime.processScenario(FeatureRuntime.java:199)\n- java.base\/java.util.stream.ReferencePipeline$2$1.accept(ReferencePipeline.java:179)\n\nclasspath:acceptance\/test\/resources\/utils\/utils.feature:3\nclasspath:acceptance\/test\/resources\/utils\/utils.feature:4\nclasspath:acceptance\/test\/resources\/utils\/utils.feature:5\nclasspath:acceptance\/test\/resources\/utils\/utils.feature:6\nclasspath:acceptance\/test\/resources\/utils\/utils.feature:9\nclasspath:acceptance\/test\/resources\/utils\/utils.feature:10\nclasspath:acceptance\/test\/resources\/utils\/utils.feature:11\nclasspath:acceptance\/test\/resources\/utils\/utils.feature:12\n"},{"result":{"nanos":0,"errorMessage":">> classpath:acceptance\/test\/resources\/utils\/utils.feature:8\n>> karate-config.js failed\n>> js failed:\n>>>>\n01: (\/\/function fn() {\n02: \/\/  karate.log(\"Cargando configuraciones\");\n03: \/\/  return config;\n04: \/\/})\n<<<<\norg.graalvm.polyglot.PolyglotException: SyntaxError: Unnamed:4:4 Expected an operand but found eof\r\n\/\/})\r\n    ^\n\n- org.graalvm.polyglot.Context.eval(Context.java:425)\n- com.intuit.karate.graal.JsEngine.evalForValue(JsEngine.java:139)\n- com.intuit.karate.graal.JsEngine.eval(JsEngine.java:135)\n- com.intuit.karate.core.ScenarioEngine.evalJs(ScenarioEngine.java:1190)\n- com.intuit.karate.core.ScenarioRuntime.evalConfigJs(ScenarioRuntime.java:296)\n- com.intuit.karate.core.ScenarioRuntime.beforeRun(ScenarioRuntime.java:372)\n- com.intuit.karate.core.ScenarioRuntime.run(ScenarioRuntime.java:391)\n\njs failed:\n>>>>\n01: \/\/function fn() {\n02: \/\/  karate.log(\"Cargando configuraciones\");\n03: \/\/  return config;\n04: \/\/}\n<<<<\ncom.intuit.karate.KarateException: js failed:\n>>>>\n01: (\/\/function fn() {\n02: \/\/  karate.log(\"Cargando configuraciones\");\n03: \/\/  return config;\n04: \/\/})\n<<<<\norg.graalvm.polyglot.PolyglotException: SyntaxError: Unnamed:4:4 Expected an operand but found eof\r\n\/\/})\r\n    ^\n\n- org.graalvm.polyglot.Context.eval(Context.java:425)\n- com.intuit.karate.graal.JsEngine.evalForValue(JsEngine.java:139)\n- com.intuit.karate.graal.JsEngine.eval(JsEngine.java:135)\n- com.intuit.karate.core.ScenarioEngine.evalJs(ScenarioEngine.java:1190)\n- com.intuit.karate.core.ScenarioRuntime.evalConfigJs(ScenarioRuntime.java:296)\n- com.intuit.karate.core.ScenarioRuntime.beforeRun(ScenarioRuntime.java:372)\n- com.intuit.karate.core.ScenarioRuntime.run(ScenarioRuntime.java:391)\n\n- com.intuit.karate.graal.JsEngine.fromJsEvalException(JsEngine.java:224)\n- com.intuit.karate.core.ScenarioEngine.evalJs(ScenarioEngine.java:1192)\n- com.intuit.karate.core.ScenarioRuntime.evalConfigJs(ScenarioRuntime.java:296)\n- com.intuit.karate.core.ScenarioRuntime.beforeRun(ScenarioRuntime.java:372)\n- com.intuit.karate.core.ScenarioRuntime.run(ScenarioRuntime.java:391)\n- com.intuit.karate.core.FeatureRuntime.processScenario(FeatureRuntime.java:199)\n- java.base\/java.util.stream.ReferencePipeline$2$1.accept(ReferencePipeline.java:179)\n\nclasspath:acceptance\/test\/resources\/utils\/utils.feature:3\nclasspath:acceptance\/test\/resources\/utils\/utils.feature:4\nclasspath:acceptance\/test\/resources\/utils\/utils.feature:5\nclasspath:acceptance\/test\/resources\/utils\/utils.feature:6\nclasspath:acceptance\/test\/resources\/utils\/utils.feature:9\nclasspath:acceptance\/test\/resources\/utils\/utils.feature:10\nclasspath:acceptance\/test\/resources\/utils\/utils.feature:11\nclasspath:acceptance\/test\/resources\/utils\/utils.feature:12\nclasspath:acceptance\/test\/resources\/utils\/utils.feature:13","millis":0.0,"status":"failed"},"step":{"line":13,"prefix":"*","index":4,"text":"def fileExist = S3ManagerInstance.doesFileExist(bucketName, folderRecaudoFiles, fullFileName)"},"stepLog":"16:39:52.253 classpath:acceptance\/test\/resources\/utils\/utils.feature:13\n* def fileExist = S3ManagerInstance.doesFileExist(bucketName, folderRecaudoFiles, fullFileName)\n>> classpath:acceptance\/test\/resources\/utils\/utils.feature:8\n>> karate-config.js failed\n>> js failed:\n>>>>\n01: (\/\/function fn() {\n02: \/\/  karate.log(\"Cargando configuraciones\");\n03: \/\/  return config;\n04: \/\/})\n<<<<\norg.graalvm.polyglot.PolyglotException: SyntaxError: Unnamed:4:4 Expected an operand but found eof\r\n\/\/})\r\n    ^\n\n- org.graalvm.polyglot.Context.eval(Context.java:425)\n- com.intuit.karate.graal.JsEngine.evalForValue(JsEngine.java:139)\n- com.intuit.karate.graal.JsEngine.eval(JsEngine.java:135)\n- com.intuit.karate.core.ScenarioEngine.evalJs(ScenarioEngine.java:1190)\n- com.intuit.karate.core.ScenarioRuntime.evalConfigJs(ScenarioRuntime.java:296)\n- com.intuit.karate.core.ScenarioRuntime.beforeRun(ScenarioRuntime.java:372)\n- com.intuit.karate.core.ScenarioRuntime.run(ScenarioRuntime.java:391)\n\njs failed:\n>>>>\n01: \/\/function fn() {\n02: \/\/  karate.log(\"Cargando configuraciones\");\n03: \/\/  return config;\n04: \/\/}\n<<<<\ncom.intuit.karate.KarateException: js failed:\n>>>>\n01: (\/\/function fn() {\n02: \/\/  karate.log(\"Cargando configuraciones\");\n03: \/\/  return config;\n04: \/\/})\n<<<<\norg.graalvm.polyglot.PolyglotException: SyntaxError: Unnamed:4:4 Expected an operand but found eof\r\n\/\/})\r\n    ^\n\n- org.graalvm.polyglot.Context.eval(Context.java:425)\n- com.intuit.karate.graal.JsEngine.evalForValue(JsEngine.java:139)\n- com.intuit.karate.graal.JsEngine.eval(JsEngine.java:135)\n- com.intuit.karate.core.ScenarioEngine.evalJs(ScenarioEngine.java:1190)\n- com.intuit.karate.core.ScenarioRuntime.evalConfigJs(ScenarioRuntime.java:296)\n- com.intuit.karate.core.ScenarioRuntime.beforeRun(ScenarioRuntime.java:372)\n- com.intuit.karate.core.ScenarioRuntime.run(ScenarioRuntime.java:391)\n\n- com.intuit.karate.graal.JsEngine.fromJsEvalException(JsEngine.java:224)\n- com.intuit.karate.core.ScenarioEngine.evalJs(ScenarioEngine.java:1192)\n- com.intuit.karate.core.ScenarioRuntime.evalConfigJs(ScenarioRuntime.java:296)\n- com.intuit.karate.core.ScenarioRuntime.beforeRun(ScenarioRuntime.java:372)\n- com.intuit.karate.core.ScenarioRuntime.run(ScenarioRuntime.java:391)\n- com.intuit.karate.core.FeatureRuntime.processScenario(FeatureRuntime.java:199)\n- java.base\/java.util.stream.ReferencePipeline$2$1.accept(ReferencePipeline.java:179)\n\nclasspath:acceptance\/test\/resources\/utils\/utils.feature:3\nclasspath:acceptance\/test\/resources\/utils\/utils.feature:4\nclasspath:acceptance\/test\/resources\/utils\/utils.feature:5\nclasspath:acceptance\/test\/resources\/utils\/utils.feature:6\nclasspath:acceptance\/test\/resources\/utils\/utils.feature:9\nclasspath:acceptance\/test\/resources\/utils\/utils.feature:10\nclasspath:acceptance\/test\/resources\/utils\/utils.feature:11\nclasspath:acceptance\/test\/resources\/utils\/utils.feature:12\nclasspath:acceptance\/test\/resources\/utils\/utils.feature:13\n"},{"result":{"nanos":0,"errorMessage":">> classpath:acceptance\/test\/resources\/utils\/utils.feature:8\n>> karate-config.js failed\n>> js failed:\n>>>>\n01: (\/\/function fn() {\n02: \/\/  karate.log(\"Cargando configuraciones\");\n03: \/\/  return config;\n04: \/\/})\n<<<<\norg.graalvm.polyglot.PolyglotException: SyntaxError: Unnamed:4:4 Expected an operand but found eof\r\n\/\/})\r\n    ^\n\n- org.graalvm.polyglot.Context.eval(Context.java:425)\n- com.intuit.karate.graal.JsEngine.evalForValue(JsEngine.java:139)\n- com.intuit.karate.graal.JsEngine.eval(JsEngine.java:135)\n- com.intuit.karate.core.ScenarioEngine.evalJs(ScenarioEngine.java:1190)\n- com.intuit.karate.core.ScenarioRuntime.evalConfigJs(ScenarioRuntime.java:296)\n- com.intuit.karate.core.ScenarioRuntime.beforeRun(ScenarioRuntime.java:372)\n- com.intuit.karate.core.ScenarioRuntime.run(ScenarioRuntime.java:391)\n\njs failed:\n>>>>\n01: \/\/function fn() {\n02: \/\/  karate.log(\"Cargando configuraciones\");\n03: \/\/  return config;\n04: \/\/}\n<<<<\ncom.intuit.karate.KarateException: js failed:\n>>>>\n01: (\/\/function fn() {\n02: \/\/  karate.log(\"Cargando configuraciones\");\n03: \/\/  return config;\n04: \/\/})\n<<<<\norg.graalvm.polyglot.PolyglotException: SyntaxError: Unnamed:4:4 Expected an operand but found eof\r\n\/\/})\r\n    ^\n\n- org.graalvm.polyglot.Context.eval(Context.java:425)\n- com.intuit.karate.graal.JsEngine.evalForValue(JsEngine.java:139)\n- com.intuit.karate.graal.JsEngine.eval(JsEngine.java:135)\n- com.intuit.karate.core.ScenarioEngine.evalJs(ScenarioEngine.java:1190)\n- com.intuit.karate.core.ScenarioRuntime.evalConfigJs(ScenarioRuntime.java:296)\n- com.intuit.karate.core.ScenarioRuntime.beforeRun(ScenarioRuntime.java:372)\n- com.intuit.karate.core.ScenarioRuntime.run(ScenarioRuntime.java:391)\n\n- com.intuit.karate.graal.JsEngine.fromJsEvalException(JsEngine.java:224)\n- com.intuit.karate.core.ScenarioEngine.evalJs(ScenarioEngine.java:1192)\n- com.intuit.karate.core.ScenarioRuntime.evalConfigJs(ScenarioRuntime.java:296)\n- com.intuit.karate.core.ScenarioRuntime.beforeRun(ScenarioRuntime.java:372)\n- com.intuit.karate.core.ScenarioRuntime.run(ScenarioRuntime.java:391)\n- com.intuit.karate.core.FeatureRuntime.processScenario(FeatureRuntime.java:199)\n- java.base\/java.util.stream.ReferencePipeline$2$1.accept(ReferencePipeline.java:179)\n\nclasspath:acceptance\/test\/resources\/utils\/utils.feature:3\nclasspath:acceptance\/test\/resources\/utils\/utils.feature:4\nclasspath:acceptance\/test\/resources\/utils\/utils.feature:5\nclasspath:acceptance\/test\/resources\/utils\/utils.feature:6\nclasspath:acceptance\/test\/resources\/utils\/utils.feature:9\nclasspath:acceptance\/test\/resources\/utils\/utils.feature:10\nclasspath:acceptance\/test\/resources\/utils\/utils.feature:11\nclasspath:acceptance\/test\/resources\/utils\/utils.feature:12\nclasspath:acceptance\/test\/resources\/utils\/utils.feature:13\nclasspath:acceptance\/test\/resources\/utils\/utils.feature:14","millis":0.0,"status":"failed"},"step":{"line":14,"prefix":"*","index":5,"text":"match fileExist == true"},"stepLog":"16:39:52.253 classpath:acceptance\/test\/resources\/utils\/utils.feature:14\n* match fileExist == true\n>> classpath:acceptance\/test\/resources\/utils\/utils.feature:8\n>> karate-config.js failed\n>> js failed:\n>>>>\n01: (\/\/function fn() {\n02: \/\/  karate.log(\"Cargando configuraciones\");\n03: \/\/  return config;\n04: \/\/})\n<<<<\norg.graalvm.polyglot.PolyglotException: SyntaxError: Unnamed:4:4 Expected an operand but found eof\r\n\/\/})\r\n    ^\n\n- org.graalvm.polyglot.Context.eval(Context.java:425)\n- com.intuit.karate.graal.JsEngine.evalForValue(JsEngine.java:139)\n- com.intuit.karate.graal.JsEngine.eval(JsEngine.java:135)\n- com.intuit.karate.core.ScenarioEngine.evalJs(ScenarioEngine.java:1190)\n- com.intuit.karate.core.ScenarioRuntime.evalConfigJs(ScenarioRuntime.java:296)\n- com.intuit.karate.core.ScenarioRuntime.beforeRun(ScenarioRuntime.java:372)\n- com.intuit.karate.core.ScenarioRuntime.run(ScenarioRuntime.java:391)\n\njs failed:\n>>>>\n01: \/\/function fn() {\n02: \/\/  karate.log(\"Cargando configuraciones\");\n03: \/\/  return config;\n04: \/\/}\n<<<<\ncom.intuit.karate.KarateException: js failed:\n>>>>\n01: (\/\/function fn() {\n02: \/\/  karate.log(\"Cargando configuraciones\");\n03: \/\/  return config;\n04: \/\/})\n<<<<\norg.graalvm.polyglot.PolyglotException: SyntaxError: Unnamed:4:4 Expected an operand but found eof\r\n\/\/})\r\n    ^\n\n- org.graalvm.polyglot.Context.eval(Context.java:425)\n- com.intuit.karate.graal.JsEngine.evalForValue(JsEngine.java:139)\n- com.intuit.karate.graal.JsEngine.eval(JsEngine.java:135)\n- com.intuit.karate.core.ScenarioEngine.evalJs(ScenarioEngine.java:1190)\n- com.intuit.karate.core.ScenarioRuntime.evalConfigJs(ScenarioRuntime.java:296)\n- com.intuit.karate.core.ScenarioRuntime.beforeRun(ScenarioRuntime.java:372)\n- com.intuit.karate.core.ScenarioRuntime.run(ScenarioRuntime.java:391)\n\n- com.intuit.karate.graal.JsEngine.fromJsEvalException(JsEngine.java:224)\n- com.intuit.karate.core.ScenarioEngine.evalJs(ScenarioEngine.java:1192)\n- com.intuit.karate.core.ScenarioRuntime.evalConfigJs(ScenarioRuntime.java:296)\n- com.intuit.karate.core.ScenarioRuntime.beforeRun(ScenarioRuntime.java:372)\n- com.intuit.karate.core.ScenarioRuntime.run(ScenarioRuntime.java:391)\n- com.intuit.karate.core.FeatureRuntime.processScenario(FeatureRuntime.java:199)\n- java.base\/java.util.stream.ReferencePipeline$2$1.accept(ReferencePipeline.java:179)\n\nclasspath:acceptance\/test\/resources\/utils\/utils.feature:3\nclasspath:acceptance\/test\/resources\/utils\/utils.feature:4\nclasspath:acceptance\/test\/resources\/utils\/utils.feature:5\nclasspath:acceptance\/test\/resources\/utils\/utils.feature:6\nclasspath:acceptance\/test\/resources\/utils\/utils.feature:9\nclasspath:acceptance\/test\/resources\/utils\/utils.feature:10\nclasspath:acceptance\/test\/resources\/utils\/utils.feature:11\nclasspath:acceptance\/test\/resources\/utils\/utils.feature:12\nclasspath:acceptance\/test\/resources\/utils\/utils.feature:13\nclasspath:acceptance\/test\/resources\/utils\/utils.feature:14\n"},{"result":{"nanos":0,"errorMessage":">> classpath:acceptance\/test\/resources\/utils\/utils.feature:8\n>> karate-config.js failed\n>> js failed:\n>>>>\n01: (\/\/function fn() {\n02: \/\/  karate.log(\"Cargando configuraciones\");\n03: \/\/  return config;\n04: \/\/})\n<<<<\norg.graalvm.polyglot.PolyglotException: SyntaxError: Unnamed:4:4 Expected an operand but found eof\r\n\/\/})\r\n    ^\n\n- org.graalvm.polyglot.Context.eval(Context.java:425)\n- com.intuit.karate.graal.JsEngine.evalForValue(JsEngine.java:139)\n- com.intuit.karate.graal.JsEngine.eval(JsEngine.java:135)\n- com.intuit.karate.core.ScenarioEngine.evalJs(ScenarioEngine.java:1190)\n- com.intuit.karate.core.ScenarioRuntime.evalConfigJs(ScenarioRuntime.java:296)\n- com.intuit.karate.core.ScenarioRuntime.beforeRun(ScenarioRuntime.java:372)\n- com.intuit.karate.core.ScenarioRuntime.run(ScenarioRuntime.java:391)\n\njs failed:\n>>>>\n01: \/\/function fn() {\n02: \/\/  karate.log(\"Cargando configuraciones\");\n03: \/\/  return config;\n04: \/\/}\n<<<<\ncom.intuit.karate.KarateException: js failed:\n>>>>\n01: (\/\/function fn() {\n02: \/\/  karate.log(\"Cargando configuraciones\");\n03: \/\/  return config;\n04: \/\/})\n<<<<\norg.graalvm.polyglot.PolyglotException: SyntaxError: Unnamed:4:4 Expected an operand but found eof\r\n\/\/})\r\n    ^\n\n- org.graalvm.polyglot.Context.eval(Context.java:425)\n- com.intuit.karate.graal.JsEngine.evalForValue(JsEngine.java:139)\n- com.intuit.karate.graal.JsEngine.eval(JsEngine.java:135)\n- com.intuit.karate.core.ScenarioEngine.evalJs(ScenarioEngine.java:1190)\n- com.intuit.karate.core.ScenarioRuntime.evalConfigJs(ScenarioRuntime.java:296)\n- com.intuit.karate.core.ScenarioRuntime.beforeRun(ScenarioRuntime.java:372)\n- com.intuit.karate.core.ScenarioRuntime.run(ScenarioRuntime.java:391)\n\n- com.intuit.karate.graal.JsEngine.fromJsEvalException(JsEngine.java:224)\n- com.intuit.karate.core.ScenarioEngine.evalJs(ScenarioEngine.java:1192)\n- com.intuit.karate.core.ScenarioRuntime.evalConfigJs(ScenarioRuntime.java:296)\n- com.intuit.karate.core.ScenarioRuntime.beforeRun(ScenarioRuntime.java:372)\n- com.intuit.karate.core.ScenarioRuntime.run(ScenarioRuntime.java:391)\n- com.intuit.karate.core.FeatureRuntime.processScenario(FeatureRuntime.java:199)\n- java.base\/java.util.stream.ReferencePipeline$2$1.accept(ReferencePipeline.java:179)\n\nclasspath:acceptance\/test\/resources\/utils\/utils.feature:3\nclasspath:acceptance\/test\/resources\/utils\/utils.feature:4\nclasspath:acceptance\/test\/resources\/utils\/utils.feature:5\nclasspath:acceptance\/test\/resources\/utils\/utils.feature:6\nclasspath:acceptance\/test\/resources\/utils\/utils.feature:9\nclasspath:acceptance\/test\/resources\/utils\/utils.feature:10\nclasspath:acceptance\/test\/resources\/utils\/utils.feature:11\nclasspath:acceptance\/test\/resources\/utils\/utils.feature:12\nclasspath:acceptance\/test\/resources\/utils\/utils.feature:13\nclasspath:acceptance\/test\/resources\/utils\/utils.feature:14\nclasspath:acceptance\/test\/resources\/utils\/utils.feature:15","millis":0.0,"status":"failed"},"step":{"line":15,"prefix":"*","index":6,"text":"karate.set('fullFileName', fullFileName)"},"stepLog":"16:39:52.253 classpath:acceptance\/test\/resources\/utils\/utils.feature:15\n* karate.set('fullFileName', fullFileName)\n>> classpath:acceptance\/test\/resources\/utils\/utils.feature:8\n>> karate-config.js failed\n>> js failed:\n>>>>\n01: (\/\/function fn() {\n02: \/\/  karate.log(\"Cargando configuraciones\");\n03: \/\/  return config;\n04: \/\/})\n<<<<\norg.graalvm.polyglot.PolyglotException: SyntaxError: Unnamed:4:4 Expected an operand but found eof\r\n\/\/})\r\n    ^\n\n- org.graalvm.polyglot.Context.eval(Context.java:425)\n- com.intuit.karate.graal.JsEngine.evalForValue(JsEngine.java:139)\n- com.intuit.karate.graal.JsEngine.eval(JsEngine.java:135)\n- com.intuit.karate.core.ScenarioEngine.evalJs(ScenarioEngine.java:1190)\n- com.intuit.karate.core.ScenarioRuntime.evalConfigJs(ScenarioRuntime.java:296)\n- com.intuit.karate.core.ScenarioRuntime.beforeRun(ScenarioRuntime.java:372)\n- com.intuit.karate.core.ScenarioRuntime.run(ScenarioRuntime.java:391)\n\njs failed:\n>>>>\n01: \/\/function fn() {\n02: \/\/  karate.log(\"Cargando configuraciones\");\n03: \/\/  return config;\n04: \/\/}\n<<<<\ncom.intuit.karate.KarateException: js failed:\n>>>>\n01: (\/\/function fn() {\n02: \/\/  karate.log(\"Cargando configuraciones\");\n03: \/\/  return config;\n04: \/\/})\n<<<<\norg.graalvm.polyglot.PolyglotException: SyntaxError: Unnamed:4:4 Expected an operand but found eof\r\n\/\/})\r\n    ^\n\n- org.graalvm.polyglot.Context.eval(Context.java:425)\n- com.intuit.karate.graal.JsEngine.evalForValue(JsEngine.java:139)\n- com.intuit.karate.graal.JsEngine.eval(JsEngine.java:135)\n- com.intuit.karate.core.ScenarioEngine.evalJs(ScenarioEngine.java:1190)\n- com.intuit.karate.core.ScenarioRuntime.evalConfigJs(ScenarioRuntime.java:296)\n- com.intuit.karate.core.ScenarioRuntime.beforeRun(ScenarioRuntime.java:372)\n- com.intuit.karate.core.ScenarioRuntime.run(ScenarioRuntime.java:391)\n\n- com.intuit.karate.graal.JsEngine.fromJsEvalException(JsEngine.java:224)\n- com.intuit.karate.core.ScenarioEngine.evalJs(ScenarioEngine.java:1192)\n- com.intuit.karate.core.ScenarioRuntime.evalConfigJs(ScenarioRuntime.java:296)\n- com.intuit.karate.core.ScenarioRuntime.beforeRun(ScenarioRuntime.java:372)\n- com.intuit.karate.core.ScenarioRuntime.run(ScenarioRuntime.java:391)\n- com.intuit.karate.core.FeatureRuntime.processScenario(FeatureRuntime.java:199)\n- java.base\/java.util.stream.ReferencePipeline$2$1.accept(ReferencePipeline.java:179)\n\nclasspath:acceptance\/test\/resources\/utils\/utils.feature:3\nclasspath:acceptance\/test\/resources\/utils\/utils.feature:4\nclasspath:acceptance\/test\/resources\/utils\/utils.feature:5\nclasspath:acceptance\/test\/resources\/utils\/utils.feature:6\nclasspath:acceptance\/test\/resources\/utils\/utils.feature:9\nclasspath:acceptance\/test\/resources\/utils\/utils.feature:10\nclasspath:acceptance\/test\/resources\/utils\/utils.feature:11\nclasspath:acceptance\/test\/resources\/utils\/utils.feature:12\nclasspath:acceptance\/test\/resources\/utils\/utils.feature:13\nclasspath:acceptance\/test\/resources\/utils\/utils.feature:14\nclasspath:acceptance\/test\/resources\/utils\/utils.feature:15\n"}],"line":8,"description":"","durationMillis":0.0,"failed":true,"error":">> classpath:acceptance\/test\/resources\/utils\/utils.feature:8\n>> karate-config.js failed\n>> js failed:\n>>>>\n01: (\/\/function fn() {\n02: \/\/  karate.log(\"Cargando configuraciones\");\n03: \/\/  return config;\n04: \/\/})\n<<<<\norg.graalvm.polyglot.PolyglotException: SyntaxError: Unnamed:4:4 Expected an operand but found eof\r\n\/\/})\r\n    ^\n\n- org.graalvm.polyglot.Context.eval(Context.java:425)\n- com.intuit.karate.graal.JsEngine.evalForValue(JsEngine.java:139)\n- com.intuit.karate.graal.JsEngine.eval(JsEngine.java:135)\n- com.intuit.karate.core.ScenarioEngine.evalJs(ScenarioEngine.java:1190)\n- com.intuit.karate.core.ScenarioRuntime.evalConfigJs(ScenarioRuntime.java:296)\n- com.intuit.karate.core.ScenarioRuntime.beforeRun(ScenarioRuntime.java:372)\n- com.intuit.karate.core.ScenarioRuntime.run(ScenarioRuntime.java:391)\n\njs failed:\n>>>>\n01: \/\/function fn() {\n02: \/\/  karate.log(\"Cargando configuraciones\");\n03: \/\/  return config;\n04: \/\/}\n<<<<\ncom.intuit.karate.KarateException: js failed:\n>>>>\n01: (\/\/function fn() {\n02: \/\/  karate.log(\"Cargando configuraciones\");\n03: \/\/  return config;\n04: \/\/})\n<<<<\norg.graalvm.polyglot.PolyglotException: SyntaxError: Unnamed:4:4 Expected an operand but found eof\r\n\/\/})\r\n    ^\n\n- org.graalvm.polyglot.Context.eval(Context.java:425)\n- com.intuit.karate.graal.JsEngine.evalForValue(JsEngine.java:139)\n- com.intuit.karate.graal.JsEngine.eval(JsEngine.java:135)\n- com.intuit.karate.core.ScenarioEngine.evalJs(ScenarioEngine.java:1190)\n- com.intuit.karate.core.ScenarioRuntime.evalConfigJs(ScenarioRuntime.java:296)\n- com.intuit.karate.core.ScenarioRuntime.beforeRun(ScenarioRuntime.java:372)\n- com.intuit.karate.core.ScenarioRuntime.run(ScenarioRuntime.java:391)\n\n- com.intuit.karate.graal.JsEngine.fromJsEvalException(JsEngine.java:224)\n- com.intuit.karate.core.ScenarioEngine.evalJs(ScenarioEngine.java:1192)\n- com.intuit.karate.core.ScenarioRuntime.evalConfigJs(ScenarioRuntime.java:296)\n- com.intuit.karate.core.ScenarioRuntime.beforeRun(ScenarioRuntime.java:372)\n- com.intuit.karate.core.ScenarioRuntime.run(ScenarioRuntime.java:391)\n- com.intuit.karate.core.FeatureRuntime.processScenario(FeatureRuntime.java:199)\n- java.base\/java.util.stream.ReferencePipeline$2$1.accept(ReferencePipeline.java:179)\n\nclasspath:acceptance\/test\/resources\/utils\/utils.feature:3\nclasspath:acceptance\/test\/resources\/utils\/utils.feature:4\nclasspath:acceptance\/test\/resources\/utils\/utils.feature:5\nclasspath:acceptance\/test\/resources\/utils\/utils.feature:6\nclasspath:acceptance\/test\/resources\/utils\/utils.feature:9\nclasspath:acceptance\/test\/resources\/utils\/utils.feature:10\nclasspath:acceptance\/test\/resources\/utils\/utils.feature:11\nclasspath:acceptance\/test\/resources\/utils\/utils.feature:12\nclasspath:acceptance\/test\/resources\/utils\/utils.feature:13\nclasspath:acceptance\/test\/resources\/utils\/utils.feature:14\nclasspath:acceptance\/test\/resources\/utils\/utils.feature:15","executorName":"main","name":"Subir y verificar archivo en S3","startTime":1752356392247,"refId":"[1:8]","endTime":1752356392253,"exampleIndex":-1}],"callDepth":0,"name":"Funciones comunes","description":"","resultDate":"2025-07-12 04:39:52 p.m.","durationMillis":0.0,"passedCount":0}